
> backend@1.0.0 dev
> tsx watch src/index.ts

🚀 Server running on http://localhost:3001
Send OTP error: DrizzleQueryError: Failed query: select "id", "college_id", "domain", "created_at" from "college_domains" where "college_domains"."domain" = $1 limit $2
params: test.com,1
    at NodePgPreparedQuery.queryWithCache (/app/backend/node_modules/src/pg-core/session.ts:73:11)
    at process.processTicksAndRejections (node:internal/process/task_queues:105:5)
    at async <anonymous> (/app/backend/node_modules/src/node-postgres/session.ts:154:19)
    at async <anonymous> (/app/backend/src/routes/student.ts:107:31) {
  query: 'select "id", "college_id", "domain", "created_at" from "college_domains" where "college_domains"."domain" = $1 limit $2',
  params: [ 'test.com', 1 ],
  cause: AggregateError [ECONNREFUSED]:
      at /app/backend/node_modules/pg-pool/index.js:45:11
      at process.processTicksAndRejections (node:internal/process/task_queues:105:5)
      at async <anonymous> (/app/backend/node_modules/src/node-postgres/session.ts:161:13)
      at async NodePgPreparedQuery.queryWithCache (/app/backend/node_modules/src/pg-core/session.ts:71:12)
      at async <anonymous> (/app/backend/node_modules/src/node-postgres/session.ts:154:19)
      at async <anonymous> (/app/backend/src/routes/student.ts:107:31) {
    code: 'ECONNREFUSED',
    [errors]: [ [Error], [Error] ]
  }
}
